Analysis & Synthesis report for project02
Tue Nov 21 11:43:58 2017
Quartus II 64-Bit Version 13.1.0 Build 162 10/23/2013 SJ Web Edition


---------------------
; Table of Contents ;
---------------------
  1. Legal Notice
  2. Analysis & Synthesis Summary
  3. Analysis & Synthesis Settings
  4. Parallel Compilation
  5. Analysis & Synthesis Source Files Read
  6. Analysis & Synthesis Resource Usage Summary
  7. Analysis & Synthesis Resource Utilization by Entity
  8. Registers Removed During Synthesis
  9. General Register Statistics
 10. Port Connectivity Checks: "mips_registers:readData"
 11. Elapsed Time Per Partition
 12. Analysis & Synthesis Messages



----------------
; Legal Notice ;
----------------
Copyright (C) 1991-2013 Altera Corporation
Your use of Altera Corporation's design tools, logic functions 
and other software and tools, and its AMPP partner logic 
functions, and any output files from any of the foregoing 
(including device programming or simulation files), and any 
associated documentation or information are expressly subject 
to the terms and conditions of the Altera Program License 
Subscription Agreement, Altera MegaCore Function License 
Agreement, or other applicable license agreement, including, 
without limitation, that your use is for the sole purpose of 
programming logic devices manufactured by Altera and sold by 
Altera or its authorized distributors.  Please refer to the 
applicable agreement for further details.



+---------------------------------------------------------------------------------+
; Analysis & Synthesis Summary                                                    ;
+------------------------------------+--------------------------------------------+
; Analysis & Synthesis Status        ; Successful - Tue Nov 21 11:43:58 2017      ;
; Quartus II 64-Bit Version          ; 13.1.0 Build 162 10/23/2013 SJ Web Edition ;
; Revision Name                      ; project02                                  ;
; Top-level Entity Name              ; mips_core                                  ;
; Family                             ; Cyclone III                                ;
; Total logic elements               ; 0                                          ;
;     Total combinational functions  ; 0                                          ;
;     Dedicated logic registers      ; 0                                          ;
; Total registers                    ; 0                                          ;
; Total pins                         ; 64                                         ;
; Total virtual pins                 ; 0                                          ;
; Total memory bits                  ; 0                                          ;
; Embedded Multiplier 9-bit elements ; 0                                          ;
; Total PLLs                         ; 0                                          ;
+------------------------------------+--------------------------------------------+


+----------------------------------------------------------------------------------------------------------------------+
; Analysis & Synthesis Settings                                                                                        ;
+----------------------------------------------------------------------------+--------------------+--------------------+
; Option                                                                     ; Setting            ; Default Value      ;
+----------------------------------------------------------------------------+--------------------+--------------------+
; Device                                                                     ; EP3C16F484C6       ;                    ;
; Top-level entity name                                                      ; mips_core          ; project02          ;
; Family name                                                                ; Cyclone III        ; Cyclone IV GX      ;
; Use smart compilation                                                      ; Off                ; Off                ;
; Enable parallel Assembler and TimeQuest Timing Analyzer during compilation ; On                 ; On                 ;
; Enable compact report table                                                ; Off                ; Off                ;
; Restructure Multiplexers                                                   ; Auto               ; Auto               ;
; Create Debugging Nodes for IP Cores                                        ; Off                ; Off                ;
; Preserve fewer node names                                                  ; On                 ; On                 ;
; Disable OpenCore Plus hardware evaluation                                  ; Off                ; Off                ;
; Verilog Version                                                            ; Verilog_2001       ; Verilog_2001       ;
; VHDL Version                                                               ; VHDL_1993          ; VHDL_1993          ;
; State Machine Processing                                                   ; Auto               ; Auto               ;
; Safe State Machine                                                         ; Off                ; Off                ;
; Extract Verilog State Machines                                             ; On                 ; On                 ;
; Extract VHDL State Machines                                                ; On                 ; On                 ;
; Ignore Verilog initial constructs                                          ; Off                ; Off                ;
; Iteration limit for constant Verilog loops                                 ; 5000               ; 5000               ;
; Iteration limit for non-constant Verilog loops                             ; 250                ; 250                ;
; Add Pass-Through Logic to Inferred RAMs                                    ; On                 ; On                 ;
; Infer RAMs from Raw Logic                                                  ; On                 ; On                 ;
; Parallel Synthesis                                                         ; On                 ; On                 ;
; DSP Block Balancing                                                        ; Auto               ; Auto               ;
; NOT Gate Push-Back                                                         ; On                 ; On                 ;
; Power-Up Don't Care                                                        ; On                 ; On                 ;
; Remove Redundant Logic Cells                                               ; Off                ; Off                ;
; Remove Duplicate Registers                                                 ; On                 ; On                 ;
; Ignore CARRY Buffers                                                       ; Off                ; Off                ;
; Ignore CASCADE Buffers                                                     ; Off                ; Off                ;
; Ignore GLOBAL Buffers                                                      ; Off                ; Off                ;
; Ignore ROW GLOBAL Buffers                                                  ; Off                ; Off                ;
; Ignore LCELL Buffers                                                       ; Off                ; Off                ;
; Ignore SOFT Buffers                                                        ; On                 ; On                 ;
; Limit AHDL Integers to 32 Bits                                             ; Off                ; Off                ;
; Optimization Technique                                                     ; Balanced           ; Balanced           ;
; Carry Chain Length                                                         ; 70                 ; 70                 ;
; Auto Carry Chains                                                          ; On                 ; On                 ;
; Auto Open-Drain Pins                                                       ; On                 ; On                 ;
; Perform WYSIWYG Primitive Resynthesis                                      ; Off                ; Off                ;
; Auto ROM Replacement                                                       ; On                 ; On                 ;
; Auto RAM Replacement                                                       ; On                 ; On                 ;
; Auto DSP Block Replacement                                                 ; On                 ; On                 ;
; Auto Shift Register Replacement                                            ; Auto               ; Auto               ;
; Allow Shift Register Merging across Hierarchies                            ; Auto               ; Auto               ;
; Auto Clock Enable Replacement                                              ; On                 ; On                 ;
; Strict RAM Replacement                                                     ; Off                ; Off                ;
; Allow Synchronous Control Signals                                          ; On                 ; On                 ;
; Force Use of Synchronous Clear Signals                                     ; Off                ; Off                ;
; Auto RAM Block Balancing                                                   ; On                 ; On                 ;
; Auto RAM to Logic Cell Conversion                                          ; Off                ; Off                ;
; Auto Resource Sharing                                                      ; Off                ; Off                ;
; Allow Any RAM Size For Recognition                                         ; Off                ; Off                ;
; Allow Any ROM Size For Recognition                                         ; Off                ; Off                ;
; Allow Any Shift Register Size For Recognition                              ; Off                ; Off                ;
; Use LogicLock Constraints during Resource Balancing                        ; On                 ; On                 ;
; Ignore translate_off and synthesis_off directives                          ; Off                ; Off                ;
; Timing-Driven Synthesis                                                    ; On                 ; On                 ;
; Report Parameter Settings                                                  ; On                 ; On                 ;
; Report Source Assignments                                                  ; On                 ; On                 ;
; Report Connectivity Checks                                                 ; On                 ; On                 ;
; Ignore Maximum Fan-Out Assignments                                         ; Off                ; Off                ;
; Synchronization Register Chain Length                                      ; 2                  ; 2                  ;
; PowerPlay Power Optimization                                               ; Normal compilation ; Normal compilation ;
; HDL message level                                                          ; Level2             ; Level2             ;
; Suppress Register Optimization Related Messages                            ; Off                ; Off                ;
; Number of Removed Registers Reported in Synthesis Report                   ; 5000               ; 5000               ;
; Number of Swept Nodes Reported in Synthesis Report                         ; 5000               ; 5000               ;
; Number of Inverted Registers Reported in Synthesis Report                  ; 100                ; 100                ;
; Clock MUX Protection                                                       ; On                 ; On                 ;
; Auto Gated Clock Conversion                                                ; Off                ; Off                ;
; Block Design Naming                                                        ; Auto               ; Auto               ;
; SDC constraint protection                                                  ; Off                ; Off                ;
; Synthesis Effort                                                           ; Auto               ; Auto               ;
; Shift Register Replacement - Allow Asynchronous Clear Signal               ; On                 ; On                 ;
; Pre-Mapping Resynthesis Optimization                                       ; Off                ; Off                ;
; Analysis & Synthesis Message Level                                         ; Medium             ; Medium             ;
; Disable Register Merging Across Hierarchies                                ; Auto               ; Auto               ;
; Resource Aware Inference For Block RAM                                     ; On                 ; On                 ;
; Synthesis Seed                                                             ; 1                  ; 1                  ;
+----------------------------------------------------------------------------+--------------------+--------------------+


Parallel compilation was disabled, but you have multiple processors available. Enable parallel compilation to reduce compilation time.
+-------------------------------------+
; Parallel Compilation                ;
+----------------------------+--------+
; Processors                 ; Number ;
+----------------------------+--------+
; Number detected on machine ; 4      ;
; Maximum allowed            ; 1      ;
+----------------------------+--------+


+-------------------------------------------------------------------------------------------------------------------------------------------------+
; Analysis & Synthesis Source Files Read                                                                                                          ;
+----------------------------------+-----------------+------------------------------+---------------------------------------------------+---------+
; File Name with User-Entered Path ; Used in Netlist ; File Type                    ; File Name with Absolute Path                      ; Library ;
+----------------------------------+-----------------+------------------------------+---------------------------------------------------+---------+
; mips_core.v                      ; yes             ; User Verilog HDL File        ; C:/Users/rabia/Desktop/141044042/mips_core.v      ;         ;
; mips_registers.v                 ; yes             ; User Verilog HDL File        ; C:/Users/rabia/Desktop/141044042/mips_registers.v ;         ;
; ALU.v                            ; yes             ; User Verilog HDL File        ; C:/Users/rabia/Desktop/141044042/ALU.v            ;         ;
; registers.mem                    ; yes             ; Auto-Found Unspecified File  ; C:/Users/rabia/Desktop/141044042/registers.mem    ;         ;
+----------------------------------+-----------------+------------------------------+---------------------------------------------------+---------+


+--------------------------------------------------------------+
; Analysis & Synthesis Resource Usage Summary                  ;
+---------------------------------------------+----------------+
; Resource                                    ; Usage          ;
+---------------------------------------------+----------------+
;                                             ;                ;
; Total combinational functions               ; 0              ;
; Logic element usage by number of LUT inputs ;                ;
;     -- 4 input functions                    ; 0              ;
;     -- 3 input functions                    ; 0              ;
;     -- <=2 input functions                  ; 0              ;
;                                             ;                ;
; Logic elements by mode                      ;                ;
;     -- normal mode                          ; 0              ;
;     -- arithmetic mode                      ; 0              ;
;                                             ;                ;
; Total registers                             ; 0              ;
;     -- Dedicated logic registers            ; 0              ;
;     -- I/O registers                        ; 0              ;
;                                             ;                ;
; I/O pins                                    ; 64             ;
; Embedded Multiplier 9-bit elements          ; 0              ;
; Maximum fan-out node                        ; instruction[6] ;
; Maximum fan-out                             ; 1              ;
; Total fan-out                               ; 64             ;
; Average fan-out                             ; 0.50           ;
+---------------------------------------------+----------------+


+-----------------------------------------------------------------------------------------------------------------------------------------------------------------------------+
; Analysis & Synthesis Resource Utilization by Entity                                                                                                                         ;
+----------------------------+-------------------+--------------+-------------+--------------+---------+-----------+------+--------------+---------------------+--------------+
; Compilation Hierarchy Node ; LC Combinationals ; LC Registers ; Memory Bits ; DSP Elements ; DSP 9x9 ; DSP 18x18 ; Pins ; Virtual Pins ; Full Hierarchy Name ; Library Name ;
+----------------------------+-------------------+--------------+-------------+--------------+---------+-----------+------+--------------+---------------------+--------------+
; |mips_core                 ; 0 (0)             ; 0 (0)        ; 0           ; 0            ; 0       ; 0         ; 64   ; 0            ; |mips_core          ; work         ;
+----------------------------+-------------------+--------------+-------------+--------------+---------+-----------+------+--------------+---------------------+--------------+
Note: For table entries with two numbers listed, the numbers in parentheses indicate the number of resources of the given type used by the specific entity alone. The numbers listed outside of parentheses indicate the total resources of the given type used by the specific entity and all of its sub-entities in the hierarchy.


+-----------------------------------------------------------------------------------+
; Registers Removed During Synthesis                                                ;
+--------------------------------------------+--------------------------------------+
; Register name                              ; Reason for Removal                   ;
+--------------------------------------------+--------------------------------------+
; mips_registers:readData|read_data_2[0..31] ; Stuck at GND due to stuck port clock ;
; mips_registers:readData|read_data_1[0..31] ; Stuck at GND due to stuck port clock ;
; Total Number of Removed Registers = 64     ;                                      ;
+--------------------------------------------+--------------------------------------+


+------------------------------------------------------+
; General Register Statistics                          ;
+----------------------------------------------+-------+
; Statistic                                    ; Value ;
+----------------------------------------------+-------+
; Total registers                              ; 0     ;
; Number of registers using Synchronous Clear  ; 0     ;
; Number of registers using Synchronous Load   ; 0     ;
; Number of registers using Asynchronous Clear ; 0     ;
; Number of registers using Asynchronous Load  ; 0     ;
; Number of registers using Clock Enable       ; 0     ;
; Number of registers using Preset             ; 0     ;
+----------------------------------------------+-------+


+-----------------------------------------------------+
; Port Connectivity Checks: "mips_registers:readData" ;
+------------------+-------+----------+---------------+
; Port             ; Type  ; Severity ; Details       ;
+------------------+-------+----------+---------------+
; signal_reg_write ; Input ; Info     ; Stuck at GND  ;
; clk              ; Input ; Info     ; Stuck at VCC  ;
+------------------+-------+----------+---------------+


+-------------------------------+
; Elapsed Time Per Partition    ;
+----------------+--------------+
; Partition Name ; Elapsed Time ;
+----------------+--------------+
; Top            ; 00:00:00     ;
+----------------+--------------+


+-------------------------------+
; Analysis & Synthesis Messages ;
+-------------------------------+
Info: *******************************************************************
Info: Running Quartus II 64-Bit Analysis & Synthesis
    Info: Version 13.1.0 Build 162 10/23/2013 SJ Web Edition
    Info: Processing started: Tue Nov 21 11:43:56 2017
Info: Command: quartus_map --read_settings_files=on --write_settings_files=off project02 -c project02
Warning (20028): Parallel compilation is not licensed and has been disabled
Info (12021): Found 1 design units, including 1 entities, in source file mips_core_testbench.v
    Info (12023): Found entity 1: mips_core_testbench
Info (12021): Found 1 design units, including 1 entities, in source file mips_core.v
    Info (12023): Found entity 1: mips_core
Info (12021): Found 1 design units, including 1 entities, in source file mips_registers.v
    Info (12023): Found entity 1: mips_registers
Info (12021): Found 1 design units, including 1 entities, in source file alu.v
    Info (12023): Found entity 1: ALU
Info (12021): Found 1 design units, including 1 entities, in source file mips_registers_testbench.v
    Info (12023): Found entity 1: mips_registers_testbench
Info (12021): Found 1 design units, including 1 entities, in source file alu_testbench.v
    Info (12023): Found entity 1: ALU_testbench
Info (12127): Elaborating entity "mips_core" for the top level hierarchy
Warning (10036): Verilog HDL or VHDL warning at mips_core.v(7): object "opcode" assigned a value but never read
Info (12128): Elaborating entity "mips_registers" for hierarchy "mips_registers:readData"
Info (12128): Elaborating entity "ALU" for hierarchy "ALU:calculateData"
Warning (13024): Output pins are stuck at VCC or GND
    Warning (13410): Pin "result[0]" is stuck at GND
    Warning (13410): Pin "result[1]" is stuck at GND
    Warning (13410): Pin "result[2]" is stuck at GND
    Warning (13410): Pin "result[3]" is stuck at GND
    Warning (13410): Pin "result[4]" is stuck at GND
    Warning (13410): Pin "result[5]" is stuck at GND
    Warning (13410): Pin "result[6]" is stuck at GND
    Warning (13410): Pin "result[7]" is stuck at GND
    Warning (13410): Pin "result[8]" is stuck at GND
    Warning (13410): Pin "result[9]" is stuck at GND
    Warning (13410): Pin "result[10]" is stuck at GND
    Warning (13410): Pin "result[11]" is stuck at GND
    Warning (13410): Pin "result[12]" is stuck at GND
    Warning (13410): Pin "result[13]" is stuck at GND
    Warning (13410): Pin "result[14]" is stuck at GND
    Warning (13410): Pin "result[15]" is stuck at GND
    Warning (13410): Pin "result[16]" is stuck at GND
    Warning (13410): Pin "result[17]" is stuck at GND
    Warning (13410): Pin "result[18]" is stuck at GND
    Warning (13410): Pin "result[19]" is stuck at GND
    Warning (13410): Pin "result[20]" is stuck at GND
    Warning (13410): Pin "result[21]" is stuck at GND
    Warning (13410): Pin "result[22]" is stuck at GND
    Warning (13410): Pin "result[23]" is stuck at GND
    Warning (13410): Pin "result[24]" is stuck at GND
    Warning (13410): Pin "result[25]" is stuck at GND
    Warning (13410): Pin "result[26]" is stuck at GND
    Warning (13410): Pin "result[27]" is stuck at GND
    Warning (13410): Pin "result[28]" is stuck at GND
    Warning (13410): Pin "result[29]" is stuck at GND
    Warning (13410): Pin "result[30]" is stuck at GND
    Warning (13410): Pin "result[31]" is stuck at GND
Info (16010): Generating hard_block partition "hard_block:auto_generated_inst"
    Info (16011): Adding 0 node(s), including 0 DDIO, 0 PLL, 0 transceiver and 0 LCELL
Warning (21074): Design contains 32 input pin(s) that do not drive logic
    Warning (15610): No output dependent on input pin "instruction[6]"
    Warning (15610): No output dependent on input pin "instruction[7]"
    Warning (15610): No output dependent on input pin "instruction[8]"
    Warning (15610): No output dependent on input pin "instruction[9]"
    Warning (15610): No output dependent on input pin "instruction[10]"
    Warning (15610): No output dependent on input pin "instruction[11]"
    Warning (15610): No output dependent on input pin "instruction[12]"
    Warning (15610): No output dependent on input pin "instruction[13]"
    Warning (15610): No output dependent on input pin "instruction[14]"
    Warning (15610): No output dependent on input pin "instruction[15]"
    Warning (15610): No output dependent on input pin "instruction[16]"
    Warning (15610): No output dependent on input pin "instruction[17]"
    Warning (15610): No output dependent on input pin "instruction[18]"
    Warning (15610): No output dependent on input pin "instruction[19]"
    Warning (15610): No output dependent on input pin "instruction[20]"
    Warning (15610): No output dependent on input pin "instruction[21]"
    Warning (15610): No output dependent on input pin "instruction[22]"
    Warning (15610): No output dependent on input pin "instruction[23]"
    Warning (15610): No output dependent on input pin "instruction[24]"
    Warning (15610): No output dependent on input pin "instruction[25]"
    Warning (15610): No output dependent on input pin "instruction[26]"
    Warning (15610): No output dependent on input pin "instruction[27]"
    Warning (15610): No output dependent on input pin "instruction[28]"
    Warning (15610): No output dependent on input pin "instruction[29]"
    Warning (15610): No output dependent on input pin "instruction[30]"
    Warning (15610): No output dependent on input pin "instruction[31]"
    Warning (15610): No output dependent on input pin "instruction[0]"
    Warning (15610): No output dependent on input pin "instruction[1]"
    Warning (15610): No output dependent on input pin "instruction[2]"
    Warning (15610): No output dependent on input pin "instruction[5]"
    Warning (15610): No output dependent on input pin "instruction[4]"
    Warning (15610): No output dependent on input pin "instruction[3]"
Info (21057): Implemented 64 device resources after synthesis - the final resource count might be different
    Info (21058): Implemented 32 input pins
    Info (21059): Implemented 32 output pins
Info: Quartus II 64-Bit Analysis & Synthesis was successful. 0 errors, 68 warnings
    Info: Peak virtual memory: 480 megabytes
    Info: Processing ended: Tue Nov 21 11:43:58 2017
    Info: Elapsed time: 00:00:02
    Info: Total CPU time (on all processors): 00:00:01


